[debug] [2024-10-08T12:40:57.526Z] ----------------------------------------------------------------------
[debug] [2024-10-08T12:40:57.532Z] Command:       C:\Program Files\nodejs\node.exe C:\Users\user\AppData\Roaming\npm\node_modules\firebase-tools\lib\bin\firebase.js init
[debug] [2024-10-08T12:40:57.533Z] CLI Version:   13.21.0
[debug] [2024-10-08T12:40:57.534Z] Platform:      win32
[debug] [2024-10-08T12:40:57.534Z] Node Version:  v20.17.0
[debug] [2024-10-08T12:40:57.534Z] Time:          Tue Oct 08 2024 14:40:57 GMT+0200 (South Africa Standard Time)
[debug] [2024-10-08T12:40:57.534Z] ----------------------------------------------------------------------
[debug] 
[debug] [2024-10-08T12:40:57.544Z] > command requires scopes: ["email","openid","https://www.googleapis.com/auth/cloudplatformprojects.readonly","https://www.googleapis.com/auth/firebase","https://www.googleapis.com/auth/cloud-platform"]
[debug] [2024-10-08T12:40:57.545Z] > authorizing via signed-in user (faustin.nyawe@gmail.com)
[info] 
     ######## #### ########  ######## ########     ###     ######  ########
     ##        ##  ##     ## ##       ##     ##  ##   ##  ##       ##
     ######    ##  ########  ######   ########  #########  ######  ######
     ##        ##  ##    ##  ##       ##     ## ##     ##       ## ##
     ##       #### ##     ## ######## ########  ##     ##  ######  ########

You're about to initialize a Firebase project in this directory:

  C:\Users\user\Desktop\desgin

[info] 
=== Project Setup
[info] 
[info] First, let's associate this project directory with a Firebase project.
[info] You can create multiple project aliases by running firebase use --add, 
[info] but for now we'll just set up a default project.
[info] 
[info] i  If you want to create a project in a Google Cloud organization or folder, please use "firebase projects:create" instead, and return to this command when you've created the project. 
[debug] [2024-10-08T12:43:27.844Z] Checked if tokens are valid: true, expires at: 1728393442171
[debug] [2024-10-08T12:43:27.844Z] Checked if tokens are valid: true, expires at: 1728393442171
[debug] [2024-10-08T12:43:27.848Z] >>> [apiv2][query] POST https://cloudresourcemanager.googleapis.com/v1/projects [none]
[debug] [2024-10-08T12:43:27.848Z] >>> [apiv2][body] POST https://cloudresourcemanager.googleapis.com/v1/projects {"projectId":"design","name":"give-get"}
[debug] [2024-10-08T12:43:30.549Z] <<< [apiv2][status] POST https://cloudresourcemanager.googleapis.com/v1/projects 409
[debug] [2024-10-08T12:43:30.549Z] <<< [apiv2][body] POST https://cloudresourcemanager.googleapis.com/v1/projects {"error":{"code":409,"message":"Requested entity already exists","status":"ALREADY_EXISTS"}}
[debug] [2024-10-08T12:43:31.563Z] FirebaseError: HTTP Error: 409, Requested entity already exists
    at responseToError (C:\Users\user\AppData\Roaming\npm\node_modules\firebase-tools\lib\responseToError.js:49:12)
    at RetryOperation._fn (C:\Users\user\AppData\Roaming\npm\node_modules\firebase-tools\lib\apiv2.js:312:77)
    at process.processTicksAndRejections (node:internal/process/task_queues:95:5)
[error] 
[error] Error: Failed to create project because there is already a project with ID design. Please try again with a unique project ID.
[debug] [2024-10-08T12:44:03.773Z] ----------------------------------------------------------------------
[debug] [2024-10-08T12:44:03.778Z] Command:       C:\Program Files\nodejs\node.exe C:\Users\user\AppData\Roaming\npm\node_modules\firebase-tools\lib\bin\firebase.js init
[debug] [2024-10-08T12:44:03.778Z] CLI Version:   13.21.0
[debug] [2024-10-08T12:44:03.779Z] Platform:      win32
[debug] [2024-10-08T12:44:03.779Z] Node Version:  v20.17.0
[debug] [2024-10-08T12:44:03.779Z] Time:          Tue Oct 08 2024 14:44:03 GMT+0200 (South Africa Standard Time)
[debug] [2024-10-08T12:44:03.780Z] ----------------------------------------------------------------------
[debug] 
[debug] [2024-10-08T12:44:03.790Z] > command requires scopes: ["email","openid","https://www.googleapis.com/auth/cloudplatformprojects.readonly","https://www.googleapis.com/auth/firebase","https://www.googleapis.com/auth/cloud-platform"]
[debug] [2024-10-08T12:44:03.791Z] > authorizing via signed-in user (faustin.nyawe@gmail.com)
[info] 
     ######## #### ########  ######## ########     ###     ######  ########
     ##        ##  ##     ## ##       ##     ##  ##   ##  ##       ##
     ######    ##  ########  ######   ########  #########  ######  ######
     ##        ##  ##    ##  ##       ##     ## ##     ##       ## ##
     ##       #### ##     ## ######## ########  ##     ##  ######  ########

You're about to initialize a Firebase project in this directory:

  C:\Users\user\Desktop\desgin

[info] 
=== Project Setup
[info] 
[info] First, let's associate this project directory with a Firebase project.
[info] You can create multiple project aliases by running firebase use --add, 
[info] but for now we'll just set up a default project.
[info] 
[info] i  If you want to create a project in a Google Cloud organization or folder, please use "firebase projects:create" instead, and return to this command when you've created the project. 
[debug] [2024-10-08T12:45:21.720Z] Checked if tokens are valid: true, expires at: 1728393442171
[debug] [2024-10-08T12:45:21.721Z] Checked if tokens are valid: true, expires at: 1728393442171
[debug] [2024-10-08T12:45:21.723Z] >>> [apiv2][query] POST https://cloudresourcemanager.googleapis.com/v1/projects [none]
[debug] [2024-10-08T12:45:21.723Z] >>> [apiv2][body] POST https://cloudresourcemanager.googleapis.com/v1/projects {"projectId":"public","name":"faustin"}
[debug] [2024-10-08T12:45:24.524Z] <<< [apiv2][status] POST https://cloudresourcemanager.googleapis.com/v1/projects 409
[debug] [2024-10-08T12:45:24.525Z] <<< [apiv2][body] POST https://cloudresourcemanager.googleapis.com/v1/projects {"error":{"code":409,"message":"Requested entity already exists","status":"ALREADY_EXISTS"}}
[debug] [2024-10-08T12:45:25.535Z] FirebaseError: HTTP Error: 409, Requested entity already exists
    at responseToError (C:\Users\user\AppData\Roaming\npm\node_modules\firebase-tools\lib\responseToError.js:49:12)
    at RetryOperation._fn (C:\Users\user\AppData\Roaming\npm\node_modules\firebase-tools\lib\apiv2.js:312:77)
    at process.processTicksAndRejections (node:internal/process/task_queues:95:5)
[error] 
[error] Error: Failed to create project because there is already a project with ID public. Please try again with a unique project ID.
[debug] [2024-10-08T12:46:05.246Z] ----------------------------------------------------------------------
[debug] [2024-10-08T12:46:05.251Z] Command:       C:\Program Files\nodejs\node.exe C:\Users\user\AppData\Roaming\npm\node_modules\firebase-tools\lib\bin\firebase.js init
[debug] [2024-10-08T12:46:05.251Z] CLI Version:   13.21.0
[debug] [2024-10-08T12:46:05.252Z] Platform:      win32
[debug] [2024-10-08T12:46:05.252Z] Node Version:  v20.17.0
[debug] [2024-10-08T12:46:05.252Z] Time:          Tue Oct 08 2024 14:46:05 GMT+0200 (South Africa Standard Time)
[debug] [2024-10-08T12:46:05.252Z] ----------------------------------------------------------------------
[debug] 
[debug] [2024-10-08T12:46:05.261Z] > command requires scopes: ["email","openid","https://www.googleapis.com/auth/cloudplatformprojects.readonly","https://www.googleapis.com/auth/firebase","https://www.googleapis.com/auth/cloud-platform"]
[debug] [2024-10-08T12:46:05.262Z] > authorizing via signed-in user (faustin.nyawe@gmail.com)
[info] 
     ######## #### ########  ######## ########     ###     ######  ########
     ##        ##  ##     ## ##       ##     ##  ##   ##  ##       ##
     ######    ##  ########  ######   ########  #########  ######  ######
     ##        ##  ##    ##  ##       ##     ## ##     ##       ## ##
     ##       #### ##     ## ######## ########  ##     ##  ######  ########

You're about to initialize a Firebase project in this directory:

  C:\Users\user\Desktop\desgin

[info] 
=== Project Setup
[info] 
[info] First, let's associate this project directory with a Firebase project.
[info] You can create multiple project aliases by running firebase use --add, 
[info] but for now we'll just set up a default project.
[info] 
[info] i  If you want to create a project in a Google Cloud organization or folder, please use "firebase projects:create" instead, and return to this command when you've created the project. 
[debug] [2024-10-08T12:46:44.675Z] Checked if tokens are valid: true, expires at: 1728393442171
[debug] [2024-10-08T12:46:44.676Z] Checked if tokens are valid: true, expires at: 1728393442171
[debug] [2024-10-08T12:46:44.678Z] >>> [apiv2][query] POST https://cloudresourcemanager.googleapis.com/v1/projects [none]
[debug] [2024-10-08T12:46:44.679Z] >>> [apiv2][body] POST https://cloudresourcemanager.googleapis.com/v1/projects {"projectId":"nyawe","name":"faustin"}
[debug] [2024-10-08T12:46:47.063Z] <<< [apiv2][status] POST https://cloudresourcemanager.googleapis.com/v1/projects 400
[debug] [2024-10-08T12:46:47.064Z] <<< [apiv2][body] POST https://cloudresourcemanager.googleapis.com/v1/projects {"error":{"code":400,"message":"field [project_id] has issue [project_id must be at least 6 characters long]","status":"INVALID_ARGUMENT","details":[{"@type":"type.googleapis.com/google.rpc.BadRequest","fieldViolations":[{"field":"project_id","description":"project_id must be at least 6 characters long"}]},{"@type":"type.googleapis.com/google.rpc.Help","links":[{"url":"https://cloud.google.com/resource-manager/reference/rest/v1/projects"}]}]}}
[debug] [2024-10-08T12:46:48.175Z] FirebaseError: HTTP Error: 400, field [project_id] has issue [project_id must be at least 6 characters long]
    at responseToError (C:\Users\user\AppData\Roaming\npm\node_modules\firebase-tools\lib\responseToError.js:49:12)
    at RetryOperation._fn (C:\Users\user\AppData\Roaming\npm\node_modules\firebase-tools\lib\apiv2.js:312:77)
    at process.processTicksAndRejections (node:internal/process/task_queues:95:5)
[error] 
[error] Error: Failed to create project. See firebase-debug.log for more info.
[debug] [2024-10-08T12:47:30.047Z] ----------------------------------------------------------------------
[debug] [2024-10-08T12:47:30.053Z] Command:       C:\Program Files\nodejs\node.exe C:\Users\user\AppData\Roaming\npm\node_modules\firebase-tools\lib\bin\firebase.js init
[debug] [2024-10-08T12:47:30.053Z] CLI Version:   13.21.0
[debug] [2024-10-08T12:47:30.053Z] Platform:      win32
[debug] [2024-10-08T12:47:30.054Z] Node Version:  v20.17.0
[debug] [2024-10-08T12:47:30.054Z] Time:          Tue Oct 08 2024 14:47:30 GMT+0200 (South Africa Standard Time)
[debug] [2024-10-08T12:47:30.054Z] ----------------------------------------------------------------------
[debug] 
[debug] [2024-10-08T12:47:30.066Z] > command requires scopes: ["email","openid","https://www.googleapis.com/auth/cloudplatformprojects.readonly","https://www.googleapis.com/auth/firebase","https://www.googleapis.com/auth/cloud-platform"]
[debug] [2024-10-08T12:47:30.067Z] > authorizing via signed-in user (faustin.nyawe@gmail.com)
[info] 
     ######## #### ########  ######## ########     ###     ######  ########
     ##        ##  ##     ## ##       ##     ##  ##   ##  ##       ##
     ######    ##  ########  ######   ########  #########  ######  ######
     ##        ##  ##    ##  ##       ##     ## ##     ##       ## ##
     ##       #### ##     ## ######## ########  ##     ##  ######  ########

You're about to initialize a Firebase project in this directory:

  C:\Users\user\Desktop\desgin

[info] 
=== Project Setup
[info] 
[info] First, let's associate this project directory with a Firebase project.
[info] You can create multiple project aliases by running firebase use --add, 
[info] but for now we'll just set up a default project.
[info] 
[info] i  If you want to create a project in a Google Cloud organization or folder, please use "firebase projects:create" instead, and return to this command when you've created the project. 
